<?xml version="1.0" encoding="UTF-8"?>
<!-- Generated by org.testng.reporters.JUnitXMLReporter -->
<testsuite ignored="0" hostname="DESKTOP-O90084F" failures="0" tests="17" name="Default test" time="280.514" errors="0" timestamp="2026-03-21T11:41:53 IST">
  <testcase classname="testcase.LoginTest" name="validLogin_TestUser" time="6.078"/>
  <testcase classname="testcase.LoginTest" name="validLogin_PracticeUser" time="5.149"/>
  <testcase classname="testcase.LoginTest" name="validLogin_StudentUser" time="5.17"/>
  <testcase classname="testcase.LoginTest" name="invalidEmail_ValidPassword" time="18.501"/>
  <testcase classname="testcase.LoginTest" name="validEmail_InvalidPassword" time="18.51"/>
  <testcase classname="testcase.LoginTest" name="invalidEmail_InvalidPassword" time="18.505"/>
  <testcase classname="testcase.LoginTest" name="emptyFields" time="2.954"/>
  <testcase classname="testcase.LoginTest" name="validEmail_EmptyPassword" time="3.316"/>
  <testcase classname="testcase.LoginTest" name="loginDataDriven" time="5.218"/>
  <testcase classname="testcase.LoginTest" name="loginDataDriven" time="5.342"/>
  <testcase classname="testcase.LoginTest" name="loginDataDriven" time="5.313"/>
  <testcase classname="testcase.LoginTest" name="loginDataDriven" time="2.766"/>
  <testcase classname="testcase.LoginTest" name="loginDataDriven" time="3.022"/>
  <testcase classname="testcase.LoginTest" name="loginDataDriven" time="2.938"/>
  <testcase classname="testcase.LoginTest" name="loginDataDriven" time="2.089"/>
  <testcase classname="testcase.LoginTest" name="loginDataDriven" time="2.365"/>
  <testcase classname="testcase.LoginTest" name="loginDataDriven" time="2.959"/>
</testsuite> <!-- Default test -->
