<?xml version="1.0" encoding="UTF-8"?>
<testng-results ignored="0" total="1" passed="1" failed="0" skipped="0">
  <reporter-output>
  </reporter-output>
  <suite started-at="2026-03-25T21:29:16 IST" name="Suite" finished-at="2026-03-25T21:31:01 IST" duration-ms="105107">
    <groups>
    </groups>
    <test started-at="2026-03-25T21:29:16 IST" name="Test" finished-at="2026-03-25T21:31:01 IST" duration-ms="105107">
      <class name="testcase.EndToEndTest">
        <test-method is-config="true" signature="setup()[pri:0, instance:testcase.EndToEndTest@51e4ccb3]" started-at="2026-03-25T21:29:18 IST" name="setup" finished-at="2026-03-25T21:30:01 IST" duration-ms="43630" status="PASS">
          <reporter-output>
          </reporter-output>
        </test-method> <!-- setup -->
        <test-method signature="completeFlowTest()[pri:0, instance:testcase.EndToEndTest@51e4ccb3]" started-at="2026-03-25T21:30:01 IST" name="completeFlowTest" finished-at="2026-03-25T21:30:59 IST" duration-ms="57809" status="PASS">
          <reporter-output>
          </reporter-output>
        </test-method> <!-- completeFlowTest -->
        <test-method is-config="true" signature="tearDown()[pri:0, instance:testcase.EndToEndTest@51e4ccb3]" started-at="2026-03-25T21:30:59 IST" name="tearDown" finished-at="2026-03-25T21:31:01 IST" duration-ms="1812" status="PASS">
          <reporter-output>
          </reporter-output>
        </test-method> <!-- tearDown -->
      </class> <!-- testcase.EndToEndTest -->
    </test> <!-- Test -->
  </suite> <!-- Suite -->
</testng-results>
