<?xml version="1.0" encoding="UTF-8"?>
<!-- Generated by org.testng.reporters.JUnitReportReporter -->
<testsuite hostname="DESKTOP-O90084F" failures="0" tests="17" name="testcase.LoginTest" time="279.500" errors="0" timestamp="2026-03-21T11:41:56 IST" skipped="0">
  <testcase classname="testcase.LoginTest" name="validLogin_TestUser" time="18.685"/>
  <testcase classname="testcase.LoginTest" name="validLogin_PracticeUser" time="35.858"/>
  <testcase classname="testcase.LoginTest" name="validLogin_StudentUser" time="14.868"/>
  <testcase classname="testcase.LoginTest" name="invalidEmail_ValidPassword" time="26.578"/>
  <testcase classname="testcase.LoginTest" name="validEmail_InvalidPassword" time="26.291"/>
  <testcase classname="testcase.LoginTest" name="invalidEmail_InvalidPassword" time="26.385"/>
  <testcase classname="testcase.LoginTest" name="emptyFields" time="12.329"/>
  <testcase classname="testcase.LoginTest" name="validEmail_EmptyPassword" time="11.100"/>
  <testcase classname="testcase.LoginTest" name="loginDataDriven" time="10.843"/>
  <testcase classname="testcase.LoginTest" name="loginDataDriven" time="10.736"/>
  <testcase classname="testcase.LoginTest" name="loginDataDriven" time="10.361"/>
  <testcase classname="testcase.LoginTest" name="loginDataDriven" time="10.491"/>
  <testcase classname="testcase.LoginTest" name="loginDataDriven" time="14.789"/>
  <testcase classname="testcase.LoginTest" name="loginDataDriven" time="13.830"/>
  <testcase classname="testcase.LoginTest" name="loginDataDriven" time="10.473"/>
  <testcase classname="testcase.LoginTest" name="loginDataDriven" time="11.300"/>
  <testcase classname="testcase.LoginTest" name="loginDataDriven" time="14.583"/>
</testsuite> <!-- testcase.LoginTest -->
